[24-Feb-2024 09:17:56 UTC] PHP Warning:  file_get_contents(): SSL operation failed with code 1. OpenSSL Error messages:
error:1416F086:SSL routines:tls_process_server_certificate:certificate verify failed in C:\xampp\htdocs\campbell-demo\wp-content\themes\campbell\functions.php on line 307
[24-Feb-2024 09:17:56 UTC] PHP Warning:  file_get_contents(): Failed to enable crypto in C:\xampp\htdocs\campbell-demo\wp-content\themes\campbell\functions.php on line 307
[24-Feb-2024 09:17:56 UTC] PHP Warning:  file_get_contents(https://...@._V1_.jpg): Failed to open stream: operation failed in C:\xampp\htdocs\campbell-demo\wp-content\themes\campbell\functions.php on line 307
[24-Feb-2024 09:17:56 UTC] PHP Notice:  getimagesize(): Error reading from C:\xampp\htdocs\campbell-demo/wp-content/uploads/2024/02/wp-header-logo-6.png! in C:\xampp\htdocs\campbell-demo\wp-includes\media.php on line 5489
[24-Feb-2024 09:17:56 UTC] PHP Notice:  exif_imagetype(): Error reading from C:\xampp\htdocs\campbell-demo/wp-content/uploads/2024/02/wp-header-logo-6.png! in C:\xampp\htdocs\campbell-demo\wp-includes\functions.php on line 3310
[24-Feb-2024 09:17:56 UTC] PHP Warning:  file_get_contents(): SSL operation failed with code 1. OpenSSL Error messages:
error:1416F086:SSL routines:tls_process_server_certificate:certificate verify failed in C:\xampp\htdocs\campbell-demo\wp-content\themes\campbell\functions.php on line 307
[24-Feb-2024 09:17:56 UTC] PHP Warning:  file_get_contents(): Failed to enable crypto in C:\xampp\htdocs\campbell-demo\wp-content\themes\campbell\functions.php on line 307
[24-Feb-2024 09:17:56 UTC] PHP Warning:  file_get_contents(https://...@._V1_.jpg): Failed to open stream: operation failed in C:\xampp\htdocs\campbell-demo\wp-content\themes\campbell\functions.php on line 307
[24-Feb-2024 09:17:56 UTC] PHP Notice:  getimagesize(): Error reading from C:\xampp\htdocs\campbell-demo/wp-content/uploads/2024/02/wp-header-logo-7.png! in C:\xampp\htdocs\campbell-demo\wp-includes\media.php on line 5489
[24-Feb-2024 09:17:56 UTC] PHP Notice:  exif_imagetype(): Error reading from C:\xampp\htdocs\campbell-demo/wp-content/uploads/2024/02/wp-header-logo-7.png! in C:\xampp\htdocs\campbell-demo\wp-includes\functions.php on line 3310
[24-Feb-2024 09:17:56 UTC] PHP Warning:  Trying to access array offset on value of type null in C:\xampp\htdocs\campbell-demo\wp-content\themes\campbell\functions.php on line 292
[24-Feb-2024 09:17:56 UTC] PHP Fatal error:  Uncaught ValueError: Path cannot be empty in C:\xampp\htdocs\campbell-demo\wp-content\themes\campbell\functions.php:307
Stack trace:
#0 C:\xampp\htdocs\campbell-demo\wp-content\themes\campbell\functions.php(307): file_get_contents('')
#1 C:\xampp\htdocs\campbell-demo\wp-includes\class-wp-hook.php(324): import_movies('')
#2 C:\xampp\htdocs\campbell-demo\wp-includes\class-wp-hook.php(348): WP_Hook->apply_filters('', Array)
#3 C:\xampp\htdocs\campbell-demo\wp-includes\plugin.php(517): WP_Hook->do_action(Array)
#4 C:\xampp\htdocs\campbell-demo\wp-admin\admin-ajax.php(188): do_action('wp_ajax_import_...')
#5 {main}
  thrown in C:\xampp\htdocs\campbell-demo\wp-content\themes\campbell\functions.php on line 307
[24-Feb-2024 10:05:42 UTC] PHP Warning:  file_get_contents(): SSL operation failed with code 1. OpenSSL Error messages:
error:1416F086:SSL routines:tls_process_server_certificate:certificate verify failed in C:\xampp\htdocs\campbell-demo\wp-content\themes\campbell\functions.php on line 307
[24-Feb-2024 10:05:42 UTC] PHP Warning:  file_get_contents(): Failed to enable crypto in C:\xampp\htdocs\campbell-demo\wp-content\themes\campbell\functions.php on line 307
[24-Feb-2024 10:05:42 UTC] PHP Warning:  file_get_contents(https://...@._V1_.jpg): Failed to open stream: operation failed in C:\xampp\htdocs\campbell-demo\wp-content\themes\campbell\functions.php on line 307
[24-Feb-2024 10:05:42 UTC] PHP Notice:  getimagesize(): Error reading from C:\xampp\htdocs\campbell-demo/wp-content/uploads/2024/02/wp-header-logo-8.png! in C:\xampp\htdocs\campbell-demo\wp-includes\media.php on line 5489
[24-Feb-2024 10:05:42 UTC] PHP Notice:  exif_imagetype(): Error reading from C:\xampp\htdocs\campbell-demo/wp-content/uploads/2024/02/wp-header-logo-8.png! in C:\xampp\htdocs\campbell-demo\wp-includes\functions.php on line 3310
[24-Feb-2024 10:05:42 UTC] PHP Warning:  file_get_contents(): SSL operation failed with code 1. OpenSSL Error messages:
error:1416F086:SSL routines:tls_process_server_certificate:certificate verify failed in C:\xampp\htdocs\campbell-demo\wp-content\themes\campbell\functions.php on line 307
[24-Feb-2024 10:05:42 UTC] PHP Warning:  file_get_contents(): Failed to enable crypto in C:\xampp\htdocs\campbell-demo\wp-content\themes\campbell\functions.php on line 307
[24-Feb-2024 10:05:42 UTC] PHP Warning:  file_get_contents(https://...@._V1_.jpg): Failed to open stream: operation failed in C:\xampp\htdocs\campbell-demo\wp-content\themes\campbell\functions.php on line 307
[24-Feb-2024 10:05:42 UTC] PHP Notice:  getimagesize(): Error reading from C:\xampp\htdocs\campbell-demo/wp-content/uploads/2024/02/wp-header-logo-9.png! in C:\xampp\htdocs\campbell-demo\wp-includes\media.php on line 5489
[24-Feb-2024 10:05:42 UTC] PHP Notice:  exif_imagetype(): Error reading from C:\xampp\htdocs\campbell-demo/wp-content/uploads/2024/02/wp-header-logo-9.png! in C:\xampp\htdocs\campbell-demo\wp-includes\functions.php on line 3310
[24-Feb-2024 10:05:42 UTC] PHP Warning:  Trying to access array offset on value of type null in C:\xampp\htdocs\campbell-demo\wp-content\themes\campbell\functions.php on line 292
[24-Feb-2024 10:05:42 UTC] PHP Fatal error:  Uncaught ValueError: Path cannot be empty in C:\xampp\htdocs\campbell-demo\wp-content\themes\campbell\functions.php:307
Stack trace:
#0 C:\xampp\htdocs\campbell-demo\wp-content\themes\campbell\functions.php(307): file_get_contents('')
#1 C:\xampp\htdocs\campbell-demo\wp-includes\class-wp-hook.php(324): import_movies('')
#2 C:\xampp\htdocs\campbell-demo\wp-includes\class-wp-hook.php(348): WP_Hook->apply_filters('', Array)
#3 C:\xampp\htdocs\campbell-demo\wp-includes\plugin.php(517): WP_Hook->do_action(Array)
#4 C:\xampp\htdocs\campbell-demo\wp-admin\admin-ajax.php(188): do_action('wp_ajax_import_...')
#5 {main}
  thrown in C:\xampp\htdocs\campbell-demo\wp-content\themes\campbell\functions.php on line 307
[24-Feb-2024 10:06:47 UTC] PHP Warning:  file_get_contents(): SSL operation failed with code 1. OpenSSL Error messages:
error:1416F086:SSL routines:tls_process_server_certificate:certificate verify failed in C:\xampp\htdocs\campbell-demo\wp-content\themes\campbell\functions.php on line 307
[24-Feb-2024 10:06:47 UTC] PHP Warning:  file_get_contents(): Failed to enable crypto in C:\xampp\htdocs\campbell-demo\wp-content\themes\campbell\functions.php on line 307
[24-Feb-2024 10:06:47 UTC] PHP Warning:  file_get_contents(https://...@._V1_.jpg): Failed to open stream: operation failed in C:\xampp\htdocs\campbell-demo\wp-content\themes\campbell\functions.php on line 307
[24-Feb-2024 10:06:47 UTC] PHP Notice:  getimagesize(): Error reading from C:\xampp\htdocs\campbell-demo/wp-content/uploads/2024/02/wp-header-logo-10.png! in C:\xampp\htdocs\campbell-demo\wp-includes\media.php on line 5489
[24-Feb-2024 10:06:47 UTC] PHP Notice:  exif_imagetype(): Error reading from C:\xampp\htdocs\campbell-demo/wp-content/uploads/2024/02/wp-header-logo-10.png! in C:\xampp\htdocs\campbell-demo\wp-includes\functions.php on line 3310
[24-Feb-2024 10:06:47 UTC] PHP Warning:  file_get_contents(): SSL operation failed with code 1. OpenSSL Error messages:
error:1416F086:SSL routines:tls_process_server_certificate:certificate verify failed in C:\xampp\htdocs\campbell-demo\wp-content\themes\campbell\functions.php on line 307
[24-Feb-2024 10:06:47 UTC] PHP Warning:  file_get_contents(): Failed to enable crypto in C:\xampp\htdocs\campbell-demo\wp-content\themes\campbell\functions.php on line 307
[24-Feb-2024 10:06:47 UTC] PHP Warning:  file_get_contents(https://...@._V1_.jpg): Failed to open stream: operation failed in C:\xampp\htdocs\campbell-demo\wp-content\themes\campbell\functions.php on line 307
[24-Feb-2024 10:06:47 UTC] PHP Notice:  getimagesize(): Error reading from C:\xampp\htdocs\campbell-demo/wp-content/uploads/2024/02/wp-header-logo-11.png! in C:\xampp\htdocs\campbell-demo\wp-includes\media.php on line 5489
[24-Feb-2024 10:06:47 UTC] PHP Notice:  exif_imagetype(): Error reading from C:\xampp\htdocs\campbell-demo/wp-content/uploads/2024/02/wp-header-logo-11.png! in C:\xampp\htdocs\campbell-demo\wp-includes\functions.php on line 3310
[24-Feb-2024 10:06:47 UTC] PHP Warning:  Trying to access array offset on value of type null in C:\xampp\htdocs\campbell-demo\wp-content\themes\campbell\functions.php on line 292
[24-Feb-2024 10:06:47 UTC] PHP Warning:  file_get_contents(): SSL operation failed with code 1. OpenSSL Error messages:
error:1416F086:SSL routines:tls_process_server_certificate:certificate verify failed in C:\xampp\htdocs\campbell-demo\wp-content\themes\campbell\functions.php on line 307
[24-Feb-2024 10:06:47 UTC] PHP Warning:  file_get_contents(): Failed to enable crypto in C:\xampp\htdocs\campbell-demo\wp-content\themes\campbell\functions.php on line 307
[24-Feb-2024 10:06:47 UTC] PHP Warning:  file_get_contents(https://...@._V1_.jpg): Failed to open stream: operation failed in C:\xampp\htdocs\campbell-demo\wp-content\themes\campbell\functions.php on line 307
[24-Feb-2024 10:06:47 UTC] PHP Notice:  getimagesize(): Error reading from C:\xampp\htdocs\campbell-demo/wp-content/uploads/2024/02/wp-header-logo-12.png! in C:\xampp\htdocs\campbell-demo\wp-includes\media.php on line 5489
[24-Feb-2024 10:06:47 UTC] PHP Notice:  exif_imagetype(): Error reading from C:\xampp\htdocs\campbell-demo/wp-content/uploads/2024/02/wp-header-logo-12.png! in C:\xampp\htdocs\campbell-demo\wp-includes\functions.php on line 3310
[24-Feb-2024 10:06:48 UTC] PHP Warning:  Trying to access array offset on value of type null in C:\xampp\htdocs\campbell-demo\wp-content\themes\campbell\functions.php on line 292
[24-Feb-2024 10:07:07 UTC] PHP Warning:  file_get_contents(): SSL operation failed with code 1. OpenSSL Error messages:
error:1416F086:SSL routines:tls_process_server_certificate:certificate verify failed in C:\xampp\htdocs\campbell-demo\wp-content\themes\campbell\functions.php on line 307
[24-Feb-2024 10:07:07 UTC] PHP Warning:  file_get_contents(): Failed to enable crypto in C:\xampp\htdocs\campbell-demo\wp-content\themes\campbell\functions.php on line 307
[24-Feb-2024 10:07:07 UTC] PHP Warning:  file_get_contents(https://...@._V1_.jpg): Failed to open stream: operation failed in C:\xampp\htdocs\campbell-demo\wp-content\themes\campbell\functions.php on line 307
[24-Feb-2024 10:07:07 UTC] PHP Notice:  getimagesize(): Error reading from C:\xampp\htdocs\campbell-demo/wp-content/uploads/2024/02/wp-header-logo-13.png! in C:\xampp\htdocs\campbell-demo\wp-includes\media.php on line 5489
[24-Feb-2024 10:07:07 UTC] PHP Notice:  exif_imagetype(): Error reading from C:\xampp\htdocs\campbell-demo/wp-content/uploads/2024/02/wp-header-logo-13.png! in C:\xampp\htdocs\campbell-demo\wp-includes\functions.php on line 3310
[24-Feb-2024 10:07:07 UTC] PHP Warning:  file_get_contents(): SSL operation failed with code 1. OpenSSL Error messages:
error:1416F086:SSL routines:tls_process_server_certificate:certificate verify failed in C:\xampp\htdocs\campbell-demo\wp-content\themes\campbell\functions.php on line 307
[24-Feb-2024 10:07:07 UTC] PHP Warning:  file_get_contents(): Failed to enable crypto in C:\xampp\htdocs\campbell-demo\wp-content\themes\campbell\functions.php on line 307
[24-Feb-2024 10:07:07 UTC] PHP Warning:  file_get_contents(https://...@._V1_.jpg): Failed to open stream: operation failed in C:\xampp\htdocs\campbell-demo\wp-content\themes\campbell\functions.php on line 307
[24-Feb-2024 10:07:07 UTC] PHP Notice:  getimagesize(): Error reading from C:\xampp\htdocs\campbell-demo/wp-content/uploads/2024/02/wp-header-logo-14.png! in C:\xampp\htdocs\campbell-demo\wp-includes\media.php on line 5489
[24-Feb-2024 10:07:07 UTC] PHP Notice:  exif_imagetype(): Error reading from C:\xampp\htdocs\campbell-demo/wp-content/uploads/2024/02/wp-header-logo-14.png! in C:\xampp\htdocs\campbell-demo\wp-includes\functions.php on line 3310
[24-Feb-2024 10:07:07 UTC] PHP Warning:  Trying to access array offset on value of type null in C:\xampp\htdocs\campbell-demo\wp-content\themes\campbell\functions.php on line 292
[24-Feb-2024 10:07:07 UTC] PHP Warning:  file_get_contents(): SSL operation failed with code 1. OpenSSL Error messages:
error:1416F086:SSL routines:tls_process_server_certificate:certificate verify failed in C:\xampp\htdocs\campbell-demo\wp-content\themes\campbell\functions.php on line 307
[24-Feb-2024 10:07:07 UTC] PHP Warning:  file_get_contents(): Failed to enable crypto in C:\xampp\htdocs\campbell-demo\wp-content\themes\campbell\functions.php on line 307
[24-Feb-2024 10:07:07 UTC] PHP Warning:  file_get_contents(https://...@._V1_.jpg): Failed to open stream: operation failed in C:\xampp\htdocs\campbell-demo\wp-content\themes\campbell\functions.php on line 307
[24-Feb-2024 10:07:07 UTC] PHP Notice:  getimagesize(): Error reading from C:\xampp\htdocs\campbell-demo/wp-content/uploads/2024/02/wp-header-logo-15.png! in C:\xampp\htdocs\campbell-demo\wp-includes\media.php on line 5489
[24-Feb-2024 10:07:07 UTC] PHP Notice:  exif_imagetype(): Error reading from C:\xampp\htdocs\campbell-demo/wp-content/uploads/2024/02/wp-header-logo-15.png! in C:\xampp\htdocs\campbell-demo\wp-includes\functions.php on line 3310
[24-Feb-2024 10:07:07 UTC] PHP Warning:  Trying to access array offset on value of type null in C:\xampp\htdocs\campbell-demo\wp-content\themes\campbell\functions.php on line 292
[24-Feb-2024 10:09:46 UTC] PHP Warning:  file_get_contents(): SSL operation failed with code 1. OpenSSL Error messages:
error:1416F086:SSL routines:tls_process_server_certificate:certificate verify failed in C:\xampp\htdocs\campbell-demo\wp-content\themes\campbell\functions.php on line 307
[24-Feb-2024 10:09:46 UTC] PHP Warning:  file_get_contents(): Failed to enable crypto in C:\xampp\htdocs\campbell-demo\wp-content\themes\campbell\functions.php on line 307
[24-Feb-2024 10:09:46 UTC] PHP Warning:  file_get_contents(https://...@._V1_.jpg): Failed to open stream: operation failed in C:\xampp\htdocs\campbell-demo\wp-content\themes\campbell\functions.php on line 307
[24-Feb-2024 10:09:46 UTC] PHP Notice:  getimagesize(): Error reading from C:\xampp\htdocs\campbell-demo/wp-content/uploads/2024/02/MV5BNjc5ZGQwNjMtNGI3NC00Yzg3LTk4MjktMDgwYTcyZDhhNmRmXkEyXkFqcGdeQXVyMjE2MzA5MDI@._V1_.jpg! in C:\xampp\htdocs\campbell-demo\wp-includes\media.php on line 5489
[24-Feb-2024 10:09:46 UTC] PHP Notice:  exif_imagetype(): Error reading from C:\xampp\htdocs\campbell-demo/wp-content/uploads/2024/02/MV5BNjc5ZGQwNjMtNGI3NC00Yzg3LTk4MjktMDgwYTcyZDhhNmRmXkEyXkFqcGdeQXVyMjE2MzA5MDI@._V1_.jpg! in C:\xampp\htdocs\campbell-demo\wp-includes\functions.php on line 3310
[24-Feb-2024 10:09:47 UTC] PHP Warning:  file_get_contents(): SSL operation failed with code 1. OpenSSL Error messages:
error:1416F086:SSL routines:tls_process_server_certificate:certificate verify failed in C:\xampp\htdocs\campbell-demo\wp-content\themes\campbell\functions.php on line 307
[24-Feb-2024 10:09:47 UTC] PHP Warning:  file_get_contents(): Failed to enable crypto in C:\xampp\htdocs\campbell-demo\wp-content\themes\campbell\functions.php on line 307
[24-Feb-2024 10:09:47 UTC] PHP Warning:  file_get_contents(https://...@._V1_.jpg): Failed to open stream: operation failed in C:\xampp\htdocs\campbell-demo\wp-content\themes\campbell\functions.php on line 307
[24-Feb-2024 10:09:47 UTC] PHP Notice:  getimagesize(): Error reading from C:\xampp\htdocs\campbell-demo/wp-content/uploads/2024/02/MV5BNDFmYWRhYmMtMDBiNS00OWZkLTk3ZmYtODMyZjdlMDFjNWNlXkEyXkFqcGdeQXVyNjA1NjIzMzQ@._V1_.jpg! in C:\xampp\htdocs\campbell-demo\wp-includes\media.php on line 5489
[24-Feb-2024 10:09:47 UTC] PHP Notice:  exif_imagetype(): Error reading from C:\xampp\htdocs\campbell-demo/wp-content/uploads/2024/02/MV5BNDFmYWRhYmMtMDBiNS00OWZkLTk3ZmYtODMyZjdlMDFjNWNlXkEyXkFqcGdeQXVyNjA1NjIzMzQ@._V1_.jpg! in C:\xampp\htdocs\campbell-demo\wp-includes\functions.php on line 3310
[24-Feb-2024 10:09:47 UTC] PHP Warning:  Trying to access array offset on value of type null in C:\xampp\htdocs\campbell-demo\wp-content\themes\campbell\functions.php on line 292
[24-Feb-2024 10:09:47 UTC] PHP Warning:  file_get_contents(): SSL operation failed with code 1. OpenSSL Error messages:
error:1416F086:SSL routines:tls_process_server_certificate:certificate verify failed in C:\xampp\htdocs\campbell-demo\wp-content\themes\campbell\functions.php on line 307
[24-Feb-2024 10:09:47 UTC] PHP Warning:  file_get_contents(): Failed to enable crypto in C:\xampp\htdocs\campbell-demo\wp-content\themes\campbell\functions.php on line 307
[24-Feb-2024 10:09:47 UTC] PHP Warning:  file_get_contents(https://...@._V1_.jpg): Failed to open stream: operation failed in C:\xampp\htdocs\campbell-demo\wp-content\themes\campbell\functions.php on line 307
[24-Feb-2024 10:09:47 UTC] PHP Notice:  getimagesize(): Error reading from C:\xampp\htdocs\campbell-demo/wp-content/uploads/2024/02/MV5BYTk4ZDU4NDQtYzVhNS00MDI3LWFkMDYtM2I2YTc0YmJjMTQ1XkEyXkFqcGdeQXVyMzE2NDI5NzI@._V1_.jpg! in C:\xampp\htdocs\campbell-demo\wp-includes\media.php on line 5489
[24-Feb-2024 10:09:47 UTC] PHP Notice:  exif_imagetype(): Error reading from C:\xampp\htdocs\campbell-demo/wp-content/uploads/2024/02/MV5BYTk4ZDU4NDQtYzVhNS00MDI3LWFkMDYtM2I2YTc0YmJjMTQ1XkEyXkFqcGdeQXVyMzE2NDI5NzI@._V1_.jpg! in C:\xampp\htdocs\campbell-demo\wp-includes\functions.php on line 3310
[24-Feb-2024 10:09:47 UTC] PHP Warning:  Trying to access array offset on value of type null in C:\xampp\htdocs\campbell-demo\wp-content\themes\campbell\functions.php on line 292
[24-Feb-2024 10:11:58 UTC] PHP Warning:  file_get_contents(): SSL operation failed with code 1. OpenSSL Error messages:
error:1416F086:SSL routines:tls_process_server_certificate:certificate verify failed in C:\xampp\htdocs\campbell-demo\wp-content\themes\campbell\functions.php on line 307
[24-Feb-2024 10:11:58 UTC] PHP Warning:  file_get_contents(): Failed to enable crypto in C:\xampp\htdocs\campbell-demo\wp-content\themes\campbell\functions.php on line 307
[24-Feb-2024 10:11:58 UTC] PHP Warning:  file_get_contents(https://...@._V1_.jpg): Failed to open stream: operation failed in C:\xampp\htdocs\campbell-demo\wp-content\themes\campbell\functions.php on line 307
[24-Feb-2024 10:11:58 UTC] PHP Warning:  file_get_contents(): SSL operation failed with code 1. OpenSSL Error messages:
error:1416F086:SSL routines:tls_process_server_certificate:certificate verify failed in C:\xampp\htdocs\campbell-demo\wp-content\themes\campbell\functions.php on line 307
[24-Feb-2024 10:11:58 UTC] PHP Warning:  file_get_contents(): Failed to enable crypto in C:\xampp\htdocs\campbell-demo\wp-content\themes\campbell\functions.php on line 307
[24-Feb-2024 10:11:58 UTC] PHP Warning:  file_get_contents(https://...@._V1_.jpg): Failed to open stream: operation failed in C:\xampp\htdocs\campbell-demo\wp-content\themes\campbell\functions.php on line 307
[24-Feb-2024 10:11:58 UTC] PHP Warning:  Trying to access array offset on value of type null in C:\xampp\htdocs\campbell-demo\wp-content\themes\campbell\functions.php on line 292
[24-Feb-2024 10:11:58 UTC] PHP Warning:  file_get_contents(): SSL operation failed with code 1. OpenSSL Error messages:
error:1416F086:SSL routines:tls_process_server_certificate:certificate verify failed in C:\xampp\htdocs\campbell-demo\wp-content\themes\campbell\functions.php on line 307
[24-Feb-2024 10:11:58 UTC] PHP Warning:  file_get_contents(): Failed to enable crypto in C:\xampp\htdocs\campbell-demo\wp-content\themes\campbell\functions.php on line 307
[24-Feb-2024 10:11:58 UTC] PHP Warning:  file_get_contents(https://...@._V1_.jpg): Failed to open stream: operation failed in C:\xampp\htdocs\campbell-demo\wp-content\themes\campbell\functions.php on line 307
[24-Feb-2024 10:11:58 UTC] PHP Warning:  Trying to access array offset on value of type null in C:\xampp\htdocs\campbell-demo\wp-content\themes\campbell\functions.php on line 292
[24-Feb-2024 10:12:15 UTC] PHP Warning:  file_get_contents(): SSL operation failed with code 1. OpenSSL Error messages:
error:1416F086:SSL routines:tls_process_server_certificate:certificate verify failed in C:\xampp\htdocs\campbell-demo\wp-content\themes\campbell\functions.php on line 307
[24-Feb-2024 10:12:15 UTC] PHP Warning:  file_get_contents(): Failed to enable crypto in C:\xampp\htdocs\campbell-demo\wp-content\themes\campbell\functions.php on line 307
[24-Feb-2024 10:12:15 UTC] PHP Warning:  file_get_contents(https://...@._V1_.jpg): Failed to open stream: operation failed in C:\xampp\htdocs\campbell-demo\wp-content\themes\campbell\functions.php on line 307
[24-Feb-2024 10:12:15 UTC] PHP Notice:  getimagesize(): Error reading from C:\xampp\htdocs\campbell-demo/wp-content/uploads/2024/02/Alien-Wars-Judgement-Day.jpg! in C:\xampp\htdocs\campbell-demo\wp-includes\media.php on line 5489
[24-Feb-2024 10:12:15 UTC] PHP Notice:  exif_imagetype(): Error reading from C:\xampp\htdocs\campbell-demo/wp-content/uploads/2024/02/Alien-Wars-Judgement-Day.jpg! in C:\xampp\htdocs\campbell-demo\wp-includes\functions.php on line 3310
[24-Feb-2024 10:12:16 UTC] PHP Warning:  file_get_contents(): SSL operation failed with code 1. OpenSSL Error messages:
error:1416F086:SSL routines:tls_process_server_certificate:certificate verify failed in C:\xampp\htdocs\campbell-demo\wp-content\themes\campbell\functions.php on line 307
[24-Feb-2024 10:12:16 UTC] PHP Warning:  file_get_contents(): Failed to enable crypto in C:\xampp\htdocs\campbell-demo\wp-content\themes\campbell\functions.php on line 307
[24-Feb-2024 10:12:16 UTC] PHP Warning:  file_get_contents(https://...@._V1_.jpg): Failed to open stream: operation failed in C:\xampp\htdocs\campbell-demo\wp-content\themes\campbell\functions.php on line 307
[24-Feb-2024 10:12:16 UTC] PHP Notice:  getimagesize(): Error reading from C:\xampp\htdocs\campbell-demo/wp-content/uploads/2024/02/Moms-Coming.jpg! in C:\xampp\htdocs\campbell-demo\wp-includes\media.php on line 5489
[24-Feb-2024 10:12:16 UTC] PHP Notice:  exif_imagetype(): Error reading from C:\xampp\htdocs\campbell-demo/wp-content/uploads/2024/02/Moms-Coming.jpg! in C:\xampp\htdocs\campbell-demo\wp-includes\functions.php on line 3310
[24-Feb-2024 10:12:16 UTC] PHP Warning:  Trying to access array offset on value of type null in C:\xampp\htdocs\campbell-demo\wp-content\themes\campbell\functions.php on line 292
[24-Feb-2024 10:12:16 UTC] PHP Warning:  file_get_contents(): SSL operation failed with code 1. OpenSSL Error messages:
error:1416F086:SSL routines:tls_process_server_certificate:certificate verify failed in C:\xampp\htdocs\campbell-demo\wp-content\themes\campbell\functions.php on line 307
[24-Feb-2024 10:12:16 UTC] PHP Warning:  file_get_contents(): Failed to enable crypto in C:\xampp\htdocs\campbell-demo\wp-content\themes\campbell\functions.php on line 307
[24-Feb-2024 10:12:16 UTC] PHP Warning:  file_get_contents(https://...@._V1_.jpg): Failed to open stream: operation failed in C:\xampp\htdocs\campbell-demo\wp-content\themes\campbell\functions.php on line 307
[24-Feb-2024 10:12:16 UTC] PHP Notice:  getimagesize(): Error reading from C:\xampp\htdocs\campbell-demo/wp-content/uploads/2024/02/Detour-95.jpg! in C:\xampp\htdocs\campbell-demo\wp-includes\media.php on line 5489
[24-Feb-2024 10:12:16 UTC] PHP Notice:  exif_imagetype(): Error reading from C:\xampp\htdocs\campbell-demo/wp-content/uploads/2024/02/Detour-95.jpg! in C:\xampp\htdocs\campbell-demo\wp-includes\functions.php on line 3310
[24-Feb-2024 10:12:16 UTC] PHP Warning:  Trying to access array offset on value of type null in C:\xampp\htdocs\campbell-demo\wp-content\themes\campbell\functions.php on line 292
[24-Feb-2024 10:14:38 UTC] PHP Warning:  Undefined variable $desc in C:\xampp\htdocs\campbell-demo\wp-content\themes\campbell\functions.php on line 303
[24-Feb-2024 10:14:38 UTC] PHP Warning:  Object of class WP_Error could not be converted to int in C:\xampp\htdocs\campbell-demo\wp-includes\functions.php on line 5424
[24-Feb-2024 10:14:38 UTC] PHP Warning:  Undefined variable $desc in C:\xampp\htdocs\campbell-demo\wp-content\themes\campbell\functions.php on line 303
[24-Feb-2024 10:14:38 UTC] PHP Warning:  Object of class WP_Error could not be converted to int in C:\xampp\htdocs\campbell-demo\wp-includes\functions.php on line 5424
[24-Feb-2024 10:14:38 UTC] PHP Warning:  Trying to access array offset on value of type null in C:\xampp\htdocs\campbell-demo\wp-content\themes\campbell\functions.php on line 292
[24-Feb-2024 10:14:38 UTC] PHP Warning:  Undefined variable $desc in C:\xampp\htdocs\campbell-demo\wp-content\themes\campbell\functions.php on line 303
[24-Feb-2024 10:14:38 UTC] PHP Warning:  Object of class WP_Error could not be converted to int in C:\xampp\htdocs\campbell-demo\wp-includes\functions.php on line 5424
[24-Feb-2024 10:14:38 UTC] PHP Warning:  Trying to access array offset on value of type null in C:\xampp\htdocs\campbell-demo\wp-content\themes\campbell\functions.php on line 292
[24-Feb-2024 10:15:57 UTC] PHP Warning:  Undefined variable $desc in C:\xampp\htdocs\campbell-demo\wp-content\themes\campbell\functions.php on line 306
[24-Feb-2024 10:15:57 UTC] PHP Warning:  Object of class WP_Error could not be converted to int in C:\xampp\htdocs\campbell-demo\wp-includes\functions.php on line 5424
[24-Feb-2024 10:15:57 UTC] PHP Warning:  Undefined variable $desc in C:\xampp\htdocs\campbell-demo\wp-content\themes\campbell\functions.php on line 306
[24-Feb-2024 10:15:57 UTC] PHP Warning:  Object of class WP_Error could not be converted to int in C:\xampp\htdocs\campbell-demo\wp-includes\functions.php on line 5424
[24-Feb-2024 10:15:57 UTC] PHP Warning:  Trying to access array offset on value of type null in C:\xampp\htdocs\campbell-demo\wp-content\themes\campbell\functions.php on line 295
[24-Feb-2024 10:15:57 UTC] PHP Warning:  Undefined variable $desc in C:\xampp\htdocs\campbell-demo\wp-content\themes\campbell\functions.php on line 306
[24-Feb-2024 10:15:58 UTC] PHP Warning:  Object of class WP_Error could not be converted to int in C:\xampp\htdocs\campbell-demo\wp-includes\functions.php on line 5424
[24-Feb-2024 10:15:58 UTC] PHP Warning:  Trying to access array offset on value of type null in C:\xampp\htdocs\campbell-demo\wp-content\themes\campbell\functions.php on line 295
[24-Feb-2024 10:18:01 UTC] PHP Warning:  Undefined variable $desc in C:\xampp\htdocs\campbell-demo\wp-content\themes\campbell\functions.php on line 307
[24-Feb-2024 10:18:02 UTC] PHP Fatal error:  Uncaught Error: Object of class WP_Error could not be converted to string in C:\xampp\htdocs\campbell-demo\wp-content\themes\campbell\functions.php:307
Stack trace:
#0 C:\xampp\htdocs\campbell-demo\wp-includes\class-wp-hook.php(324): import_movies('')
#1 C:\xampp\htdocs\campbell-demo\wp-includes\class-wp-hook.php(348): WP_Hook->apply_filters('', Array)
#2 C:\xampp\htdocs\campbell-demo\wp-includes\plugin.php(517): WP_Hook->do_action(Array)
#3 C:\xampp\htdocs\campbell-demo\wp-admin\admin-ajax.php(188): do_action('wp_ajax_import_...')
#4 {main}
  thrown in C:\xampp\htdocs\campbell-demo\wp-content\themes\campbell\functions.php on line 307
[24-Feb-2024 10:18:41 UTC] PHP Warning:  Undefined variable $desc in C:\xampp\htdocs\campbell-demo\wp-content\themes\campbell\functions.php on line 307
[24-Feb-2024 10:18:41 UTC] PHP Warning:  Object of class WP_Error could not be converted to int in C:\xampp\htdocs\campbell-demo\wp-includes\functions.php on line 5424
[24-Feb-2024 10:18:41 UTC] PHP Warning:  Undefined variable $desc in C:\xampp\htdocs\campbell-demo\wp-content\themes\campbell\functions.php on line 307
[24-Feb-2024 10:18:41 UTC] PHP Warning:  Object of class WP_Error could not be converted to int in C:\xampp\htdocs\campbell-demo\wp-includes\functions.php on line 5424
[24-Feb-2024 10:18:41 UTC] PHP Warning:  Trying to access array offset on value of type null in C:\xampp\htdocs\campbell-demo\wp-content\themes\campbell\functions.php on line 296
[24-Feb-2024 10:18:41 UTC] PHP Warning:  Undefined variable $desc in C:\xampp\htdocs\campbell-demo\wp-content\themes\campbell\functions.php on line 307
[24-Feb-2024 10:18:42 UTC] PHP Warning:  Object of class WP_Error could not be converted to int in C:\xampp\htdocs\campbell-demo\wp-includes\functions.php on line 5424
[24-Feb-2024 10:18:42 UTC] PHP Warning:  Trying to access array offset on value of type null in C:\xampp\htdocs\campbell-demo\wp-content\themes\campbell\functions.php on line 296
[24-Feb-2024 10:51:33 UTC] PHP Warning:  Undefined variable $desc in C:\xampp\htdocs\campbell-demo\wp-content\themes\campbell\functions.php on line 307
[24-Feb-2024 10:51:33 UTC] PHP Warning:  Object of class WP_Error could not be converted to int in C:\xampp\htdocs\campbell-demo\wp-includes\functions.php on line 5424
[24-Feb-2024 10:51:33 UTC] PHP Warning:  Undefined variable $desc in C:\xampp\htdocs\campbell-demo\wp-content\themes\campbell\functions.php on line 307
[24-Feb-2024 10:51:33 UTC] PHP Warning:  Object of class WP_Error could not be converted to int in C:\xampp\htdocs\campbell-demo\wp-includes\functions.php on line 5424
[24-Feb-2024 10:51:33 UTC] PHP Warning:  Trying to access array offset on value of type null in C:\xampp\htdocs\campbell-demo\wp-content\themes\campbell\functions.php on line 296
[24-Feb-2024 10:51:33 UTC] PHP Warning:  Undefined variable $desc in C:\xampp\htdocs\campbell-demo\wp-content\themes\campbell\functions.php on line 307
[24-Feb-2024 10:51:33 UTC] PHP Warning:  Object of class WP_Error could not be converted to int in C:\xampp\htdocs\campbell-demo\wp-includes\functions.php on line 5424
[24-Feb-2024 10:51:33 UTC] PHP Warning:  Trying to access array offset on value of type null in C:\xampp\htdocs\campbell-demo\wp-content\themes\campbell\functions.php on line 296
[24-Feb-2024 10:56:23 UTC] PHP Warning:  Undefined variable $desc in C:\xampp\htdocs\campbell-demo\wp-content\themes\campbell\functions.php on line 307
[24-Feb-2024 10:56:23 UTC] PHP Warning:  Object of class WP_Error could not be converted to int in C:\xampp\htdocs\campbell-demo\wp-includes\functions.php on line 5424
[24-Feb-2024 10:56:23 UTC] PHP Warning:  Undefined variable $desc in C:\xampp\htdocs\campbell-demo\wp-content\themes\campbell\functions.php on line 307
[24-Feb-2024 10:56:23 UTC] PHP Warning:  Object of class WP_Error could not be converted to int in C:\xampp\htdocs\campbell-demo\wp-includes\functions.php on line 5424
[24-Feb-2024 10:56:23 UTC] PHP Warning:  Trying to access array offset on value of type null in C:\xampp\htdocs\campbell-demo\wp-content\themes\campbell\functions.php on line 296
[24-Feb-2024 10:56:23 UTC] PHP Warning:  Undefined variable $desc in C:\xampp\htdocs\campbell-demo\wp-content\themes\campbell\functions.php on line 307
[24-Feb-2024 10:56:23 UTC] PHP Warning:  Object of class WP_Error could not be converted to int in C:\xampp\htdocs\campbell-demo\wp-includes\functions.php on line 5424
[24-Feb-2024 10:56:23 UTC] PHP Warning:  Trying to access array offset on value of type null in C:\xampp\htdocs\campbell-demo\wp-content\themes\campbell\functions.php on line 296
[24-Feb-2024 10:58:55 UTC] PHP Warning:  Undefined variable $desc in C:\xampp\htdocs\campbell-demo\wp-content\themes\campbell\functions.php on line 307
[24-Feb-2024 10:58:56 UTC] PHP Warning:  Object of class WP_Error could not be converted to int in C:\xampp\htdocs\campbell-demo\wp-includes\functions.php on line 5424
[24-Feb-2024 10:58:56 UTC] PHP Warning:  Undefined variable $desc in C:\xampp\htdocs\campbell-demo\wp-content\themes\campbell\functions.php on line 307
[24-Feb-2024 10:58:56 UTC] PHP Warning:  Object of class WP_Error could not be converted to int in C:\xampp\htdocs\campbell-demo\wp-includes\functions.php on line 5424
[24-Feb-2024 10:58:56 UTC] PHP Warning:  Trying to access array offset on value of type null in C:\xampp\htdocs\campbell-demo\wp-content\themes\campbell\functions.php on line 296
[24-Feb-2024 10:58:56 UTC] PHP Warning:  Undefined variable $desc in C:\xampp\htdocs\campbell-demo\wp-content\themes\campbell\functions.php on line 307
[24-Feb-2024 10:58:56 UTC] PHP Warning:  Object of class WP_Error could not be converted to int in C:\xampp\htdocs\campbell-demo\wp-includes\functions.php on line 5424
[24-Feb-2024 10:58:56 UTC] PHP Warning:  Trying to access array offset on value of type null in C:\xampp\htdocs\campbell-demo\wp-content\themes\campbell\functions.php on line 296
[24-Feb-2024 10:59:28 UTC] PHP Warning:  Undefined variable $desc in C:\xampp\htdocs\campbell-demo\wp-content\themes\campbell\functions.php on line 307
[24-Feb-2024 10:59:32 UTC] PHP Warning:  Undefined variable $desc in C:\xampp\htdocs\campbell-demo\wp-content\themes\campbell\functions.php on line 307
[24-Feb-2024 10:59:33 UTC] PHP Warning:  Trying to access array offset on value of type null in C:\xampp\htdocs\campbell-demo\wp-content\themes\campbell\functions.php on line 296
[24-Feb-2024 10:59:33 UTC] PHP Warning:  Undefined variable $desc in C:\xampp\htdocs\campbell-demo\wp-content\themes\campbell\functions.php on line 307
[24-Feb-2024 10:59:35 UTC] PHP Warning:  Trying to access array offset on value of type null in C:\xampp\htdocs\campbell-demo\wp-content\themes\campbell\functions.php on line 296
[24-Feb-2024 11:00:41 UTC] PHP Warning:  Undefined variable $desc in C:\xampp\htdocs\campbell-demo\wp-content\themes\campbell\functions.php on line 307
[24-Feb-2024 11:00:42 UTC] PHP Warning:  Undefined variable $desc in C:\xampp\htdocs\campbell-demo\wp-content\themes\campbell\functions.php on line 307
[24-Feb-2024 11:00:43 UTC] PHP Warning:  Trying to access array offset on value of type null in C:\xampp\htdocs\campbell-demo\wp-content\themes\campbell\functions.php on line 296
[24-Feb-2024 11:00:43 UTC] PHP Warning:  Undefined variable $desc in C:\xampp\htdocs\campbell-demo\wp-content\themes\campbell\functions.php on line 307
[24-Feb-2024 11:00:43 UTC] PHP Warning:  Trying to access array offset on value of type null in C:\xampp\htdocs\campbell-demo\wp-content\themes\campbell\functions.php on line 296
[24-Feb-2024 11:01:17 UTC] PHP Warning:  Undefined variable $desc in C:\xampp\htdocs\campbell-demo\wp-content\themes\campbell\functions.php on line 307
[24-Feb-2024 11:01:19 UTC] PHP Warning:  Undefined variable $desc in C:\xampp\htdocs\campbell-demo\wp-content\themes\campbell\functions.php on line 307
[24-Feb-2024 11:01:19 UTC] PHP Warning:  Trying to access array offset on value of type null in C:\xampp\htdocs\campbell-demo\wp-content\themes\campbell\functions.php on line 296
[24-Feb-2024 11:01:19 UTC] PHP Warning:  Undefined variable $desc in C:\xampp\htdocs\campbell-demo\wp-content\themes\campbell\functions.php on line 307
[24-Feb-2024 11:01:20 UTC] PHP Warning:  Trying to access array offset on value of type null in C:\xampp\htdocs\campbell-demo\wp-content\themes\campbell\functions.php on line 296
[24-Feb-2024 11:07:39 UTC] PHP Warning:  Undefined variable $desc in C:\xampp\htdocs\campbell-demo\wp-content\themes\campbell\functions.php on line 308
[24-Feb-2024 11:07:41 UTC] PHP Warning:  Undefined variable $desc in C:\xampp\htdocs\campbell-demo\wp-content\themes\campbell\functions.php on line 308
[24-Feb-2024 11:07:41 UTC] PHP Warning:  Trying to access array offset on value of type null in C:\xampp\htdocs\campbell-demo\wp-content\themes\campbell\functions.php on line 297
[24-Feb-2024 11:07:42 UTC] PHP Warning:  Undefined variable $desc in C:\xampp\htdocs\campbell-demo\wp-content\themes\campbell\functions.php on line 308
[24-Feb-2024 11:07:42 UTC] PHP Warning:  Trying to access array offset on value of type null in C:\xampp\htdocs\campbell-demo\wp-content\themes\campbell\functions.php on line 297
[24-Feb-2024 11:08:13 UTC] PHP Warning:  Undefined variable $desc in C:\xampp\htdocs\campbell-demo\wp-content\themes\campbell\functions.php on line 308
[24-Feb-2024 11:08:14 UTC] PHP Warning:  Undefined variable $desc in C:\xampp\htdocs\campbell-demo\wp-content\themes\campbell\functions.php on line 308
[24-Feb-2024 11:08:15 UTC] PHP Warning:  Trying to access array offset on value of type null in C:\xampp\htdocs\campbell-demo\wp-content\themes\campbell\functions.php on line 297
[24-Feb-2024 11:08:15 UTC] PHP Warning:  Undefined variable $desc in C:\xampp\htdocs\campbell-demo\wp-content\themes\campbell\functions.php on line 308
[24-Feb-2024 11:08:15 UTC] PHP Warning:  Trying to access array offset on value of type null in C:\xampp\htdocs\campbell-demo\wp-content\themes\campbell\functions.php on line 297
[24-Feb-2024 11:15:46 UTC] PHP Warning:  Undefined variable $data in C:\xampp\htdocs\campbell-demo\wp-content\themes\campbell\functions.php on line 320
[24-Feb-2024 11:15:46 UTC] PHP Warning:  Trying to access array offset on value of type null in C:\xampp\htdocs\campbell-demo\wp-includes\post.php on line 4805
[24-Feb-2024 11:15:46 UTC] PHP Warning:  Undefined variable $post_id in C:\xampp\htdocs\campbell-demo\wp-content\themes\campbell\functions.php on line 322
[24-Feb-2024 11:15:48 UTC] PHP Warning:  Undefined variable $post_id in C:\xampp\htdocs\campbell-demo\wp-content\themes\campbell\functions.php on line 323
[24-Feb-2024 11:15:48 UTC] PHP Warning:  Undefined variable $data in C:\xampp\htdocs\campbell-demo\wp-content\themes\campbell\functions.php on line 320
[24-Feb-2024 11:15:48 UTC] PHP Warning:  Trying to access array offset on value of type null in C:\xampp\htdocs\campbell-demo\wp-includes\post.php on line 4805
[24-Feb-2024 11:15:48 UTC] PHP Warning:  Undefined variable $post_id in C:\xampp\htdocs\campbell-demo\wp-content\themes\campbell\functions.php on line 322
[24-Feb-2024 11:15:48 UTC] PHP Warning:  Undefined variable $post_id in C:\xampp\htdocs\campbell-demo\wp-content\themes\campbell\functions.php on line 323
[24-Feb-2024 11:15:48 UTC] PHP Warning:  Trying to access array offset on value of type null in C:\xampp\htdocs\campbell-demo\wp-content\themes\campbell\functions.php on line 297
[24-Feb-2024 11:15:48 UTC] PHP Warning:  Undefined variable $data in C:\xampp\htdocs\campbell-demo\wp-content\themes\campbell\functions.php on line 320
[24-Feb-2024 11:15:48 UTC] PHP Warning:  Trying to access array offset on value of type null in C:\xampp\htdocs\campbell-demo\wp-includes\post.php on line 4805
[24-Feb-2024 11:15:48 UTC] PHP Warning:  Undefined variable $data in C:\xampp\htdocs\campbell-demo\wp-content\themes\campbell\functions.php on line 320
[24-Feb-2024 11:15:48 UTC] PHP Warning:  Trying to access array offset on value of type null in C:\xampp\htdocs\campbell-demo\wp-includes\post.php on line 4805
[24-Feb-2024 11:15:48 UTC] PHP Warning:  Undefined variable $post_id in C:\xampp\htdocs\campbell-demo\wp-content\themes\campbell\functions.php on line 322
[24-Feb-2024 11:15:49 UTC] PHP Warning:  Undefined variable $post_id in C:\xampp\htdocs\campbell-demo\wp-content\themes\campbell\functions.php on line 323
[24-Feb-2024 11:15:49 UTC] PHP Warning:  Trying to access array offset on value of type null in C:\xampp\htdocs\campbell-demo\wp-content\themes\campbell\functions.php on line 297
[24-Feb-2024 11:15:49 UTC] PHP Warning:  Undefined variable $data in C:\xampp\htdocs\campbell-demo\wp-content\themes\campbell\functions.php on line 320
[24-Feb-2024 11:15:49 UTC] PHP Warning:  Trying to access array offset on value of type null in C:\xampp\htdocs\campbell-demo\wp-includes\post.php on line 4805
[24-Feb-2024 11:16:15 UTC] PHP Warning:  Undefined variable $data in C:\xampp\htdocs\campbell-demo\wp-content\themes\campbell\functions.php on line 320
[24-Feb-2024 11:16:15 UTC] PHP Warning:  Trying to access array offset on value of type null in C:\xampp\htdocs\campbell-demo\wp-includes\post.php on line 4805
[24-Feb-2024 11:16:15 UTC] PHP Warning:  Undefined variable $post_id in C:\xampp\htdocs\campbell-demo\wp-content\themes\campbell\functions.php on line 322
[24-Feb-2024 11:16:17 UTC] PHP Warning:  Undefined variable $post_id in C:\xampp\htdocs\campbell-demo\wp-content\themes\campbell\functions.php on line 323
[24-Feb-2024 11:16:17 UTC] PHP Warning:  Undefined variable $data in C:\xampp\htdocs\campbell-demo\wp-content\themes\campbell\functions.php on line 320
[24-Feb-2024 11:16:17 UTC] PHP Warning:  Trying to access array offset on value of type null in C:\xampp\htdocs\campbell-demo\wp-includes\post.php on line 4805
[24-Feb-2024 11:16:17 UTC] PHP Warning:  Undefined variable $post_id in C:\xampp\htdocs\campbell-demo\wp-content\themes\campbell\functions.php on line 322
[24-Feb-2024 11:16:17 UTC] PHP Warning:  Undefined variable $post_id in C:\xampp\htdocs\campbell-demo\wp-content\themes\campbell\functions.php on line 323
[24-Feb-2024 11:16:17 UTC] PHP Warning:  Trying to access array offset on value of type null in C:\xampp\htdocs\campbell-demo\wp-content\themes\campbell\functions.php on line 297
[24-Feb-2024 11:16:17 UTC] PHP Warning:  Undefined variable $data in C:\xampp\htdocs\campbell-demo\wp-content\themes\campbell\functions.php on line 320
[24-Feb-2024 11:16:17 UTC] PHP Warning:  Trying to access array offset on value of type null in C:\xampp\htdocs\campbell-demo\wp-includes\post.php on line 4805
[24-Feb-2024 11:16:17 UTC] PHP Warning:  Undefined variable $data in C:\xampp\htdocs\campbell-demo\wp-content\themes\campbell\functions.php on line 320
[24-Feb-2024 11:16:17 UTC] PHP Warning:  Trying to access array offset on value of type null in C:\xampp\htdocs\campbell-demo\wp-includes\post.php on line 4805
[24-Feb-2024 11:16:17 UTC] PHP Warning:  Undefined variable $post_id in C:\xampp\htdocs\campbell-demo\wp-content\themes\campbell\functions.php on line 322
[24-Feb-2024 11:16:17 UTC] PHP Warning:  Undefined variable $post_id in C:\xampp\htdocs\campbell-demo\wp-content\themes\campbell\functions.php on line 323
[24-Feb-2024 11:16:17 UTC] PHP Warning:  Trying to access array offset on value of type null in C:\xampp\htdocs\campbell-demo\wp-content\themes\campbell\functions.php on line 297
[24-Feb-2024 11:16:17 UTC] PHP Warning:  Undefined variable $data in C:\xampp\htdocs\campbell-demo\wp-content\themes\campbell\functions.php on line 320
[24-Feb-2024 11:16:17 UTC] PHP Warning:  Trying to access array offset on value of type null in C:\xampp\htdocs\campbell-demo\wp-includes\post.php on line 4805
[24-Feb-2024 11:16:45 UTC] PHP Warning:  Undefined variable $post_id in C:\xampp\htdocs\campbell-demo\wp-content\themes\campbell\functions.php on line 322
[24-Feb-2024 11:16:46 UTC] PHP Warning:  Undefined variable $post_id in C:\xampp\htdocs\campbell-demo\wp-content\themes\campbell\functions.php on line 323
[24-Feb-2024 11:16:46 UTC] PHP Warning:  Undefined variable $post_id in C:\xampp\htdocs\campbell-demo\wp-content\themes\campbell\functions.php on line 322
[24-Feb-2024 11:16:47 UTC] PHP Warning:  Undefined variable $post_id in C:\xampp\htdocs\campbell-demo\wp-content\themes\campbell\functions.php on line 323
[24-Feb-2024 11:16:47 UTC] PHP Warning:  Trying to access array offset on value of type null in C:\xampp\htdocs\campbell-demo\wp-content\themes\campbell\functions.php on line 297
[24-Feb-2024 11:16:47 UTC] PHP Warning:  Undefined variable $post_id in C:\xampp\htdocs\campbell-demo\wp-content\themes\campbell\functions.php on line 322
[24-Feb-2024 11:16:47 UTC] PHP Warning:  Undefined variable $post_id in C:\xampp\htdocs\campbell-demo\wp-content\themes\campbell\functions.php on line 323
[24-Feb-2024 11:16:47 UTC] PHP Warning:  Trying to access array offset on value of type null in C:\xampp\htdocs\campbell-demo\wp-content\themes\campbell\functions.php on line 297
[24-Feb-2024 11:17:29 UTC] PHP Warning:  Trying to access array offset on value of type null in C:\xampp\htdocs\campbell-demo\wp-content\themes\campbell\functions.php on line 297
[24-Feb-2024 11:17:29 UTC] PHP Warning:  Trying to access array offset on value of type null in C:\xampp\htdocs\campbell-demo\wp-content\themes\campbell\functions.php on line 297
[24-Feb-2024 11:19:51 UTC] PHP Warning:  Trying to access array offset on value of type null in C:\xampp\htdocs\campbell-demo\wp-content\themes\campbell\functions.php on line 297
[24-Feb-2024 11:19:51 UTC] PHP Warning:  Trying to access array offset on value of type null in C:\xampp\htdocs\campbell-demo\wp-content\themes\campbell\functions.php on line 297
[24-Feb-2024 11:20:25 UTC] PHP Warning:  Trying to access array offset on value of type null in C:\xampp\htdocs\campbell-demo\wp-content\themes\campbell\functions.php on line 297
[24-Feb-2024 11:20:26 UTC] PHP Warning:  Trying to access array offset on value of type null in C:\xampp\htdocs\campbell-demo\wp-content\themes\campbell\functions.php on line 297
[24-Feb-2024 11:20:42 UTC] PHP Warning:  Trying to access array offset on value of type null in C:\xampp\htdocs\campbell-demo\wp-content\themes\campbell\functions.php on line 297
[24-Feb-2024 11:20:43 UTC] PHP Warning:  Trying to access array offset on value of type null in C:\xampp\htdocs\campbell-demo\wp-content\themes\campbell\functions.php on line 297
[24-Feb-2024 11:21:09 UTC] PHP Fatal error:  Uncaught Error: Call to undefined function twenty_twenty_one_get_icon_svg() in C:\xampp\htdocs\campbell-demo\wp-content\themes\campbell\single.php:36
Stack trace:
#0 C:\xampp\htdocs\campbell-demo\wp-includes\template-loader.php(106): include()
#1 C:\xampp\htdocs\campbell-demo\wp-blog-header.php(19): require_once('C:\\xampp\\htdocs...')
#2 C:\xampp\htdocs\campbell-demo\index.php(17): require('C:\\xampp\\htdocs...')
#3 {main}
  thrown in C:\xampp\htdocs\campbell-demo\wp-content\themes\campbell\single.php on line 36
[24-Feb-2024 11:21:11 UTC] PHP Fatal error:  Uncaught Error: Call to undefined function twenty_twenty_one_get_icon_svg() in C:\xampp\htdocs\campbell-demo\wp-content\themes\campbell\single.php:36
Stack trace:
#0 C:\xampp\htdocs\campbell-demo\wp-includes\template-loader.php(106): include()
#1 C:\xampp\htdocs\campbell-demo\wp-blog-header.php(19): require_once('C:\\xampp\\htdocs...')
#2 C:\xampp\htdocs\campbell-demo\index.php(17): require('C:\\xampp\\htdocs...')
#3 {main}
  thrown in C:\xampp\htdocs\campbell-demo\wp-content\themes\campbell\single.php on line 36
[24-Feb-2024 11:22:24 UTC] PHP Warning:  Trying to access array offset on value of type null in C:\xampp\htdocs\campbell-demo\wp-content\themes\campbell\functions.php on line 297
[24-Feb-2024 11:22:24 UTC] PHP Warning:  Trying to access array offset on value of type null in C:\xampp\htdocs\campbell-demo\wp-content\themes\campbell\functions.php on line 297
[24-Feb-2024 11:22:37 UTC] PHP Warning:  Trying to access array offset on value of type null in C:\xampp\htdocs\campbell-demo\wp-content\themes\campbell\functions.php on line 297
[24-Feb-2024 11:22:37 UTC] PHP Warning:  Trying to access array offset on value of type null in C:\xampp\htdocs\campbell-demo\wp-content\themes\campbell\functions.php on line 297
[24-Feb-2024 11:22:45 UTC] PHP Warning:  Trying to access array offset on value of type null in C:\xampp\htdocs\campbell-demo\wp-content\themes\campbell\functions.php on line 297
[24-Feb-2024 11:22:45 UTC] PHP Warning:  Trying to access array offset on value of type null in C:\xampp\htdocs\campbell-demo\wp-content\themes\campbell\functions.php on line 297
[24-Feb-2024 11:23:23 UTC] PHP Warning:  Trying to access array offset on value of type null in C:\xampp\htdocs\campbell-demo\wp-content\themes\campbell\functions.php on line 297
[24-Feb-2024 11:23:24 UTC] PHP Warning:  Trying to access array offset on value of type null in C:\xampp\htdocs\campbell-demo\wp-content\themes\campbell\functions.php on line 297
[24-Feb-2024 11:26:34 UTC] PHP Warning:  Trying to access array offset on value of type null in C:\xampp\htdocs\campbell-demo\wp-content\themes\campbell\functions.php on line 297
[24-Feb-2024 11:26:35 UTC] PHP Warning:  Trying to access array offset on value of type null in C:\xampp\htdocs\campbell-demo\wp-content\themes\campbell\functions.php on line 297
[24-Feb-2024 11:41:14 UTC] PHP Warning:  Trying to access array offset on value of type null in C:\xampp\htdocs\campbell-demo\wp-content\themes\campbell\functions.php on line 300
[24-Feb-2024 11:41:14 UTC] PHP Warning:  Trying to access array offset on value of type null in C:\xampp\htdocs\campbell-demo\wp-content\themes\campbell\functions.php on line 300
[25-Feb-2024 04:19:21 UTC] PHP Warning:  An unexpected error occurred. Something may be wrong with WordPress.org or this server&#8217;s configuration. If you continue to have problems, please try the <a href="https://wordpress.org/support/forums/">support forums</a>. (WordPress could not establish a secure connection to WordPress.org. Please contact your server administrator.) in C:\xampp\htdocs\campbell-demo\wp-includes\update.php on line 730
[25-Feb-2024 06:47:42 UTC] PHP Warning:  Undefined variable $featured_post in C:\xampp\htdocs\campbell-demo\wp-content\themes\campbell\contact.php on line 48
[25-Feb-2024 06:47:42 UTC] PHP Warning:  Attempt to read property "post_title" on null in C:\xampp\htdocs\campbell-demo\wp-content\themes\campbell\contact.php on line 48
[25-Feb-2024 10:47:51 UTC] PHP Warning:  Trying to access array offset on value of type null in C:\xampp\htdocs\campbell-demo\wp-content\themes\campbell\functions.php on line 307
[25-Feb-2024 10:47:51 UTC] PHP Warning:  Trying to access array offset on value of type null in C:\xampp\htdocs\campbell-demo\wp-content\themes\campbell\functions.php on line 307
[25-Feb-2024 10:49:06 UTC] PHP Warning:  Trying to access array offset on value of type null in C:\xampp\htdocs\campbell-demo\wp-content\themes\campbell\functions.php on line 307
[25-Feb-2024 10:49:06 UTC] PHP Warning:  Trying to access array offset on value of type null in C:\xampp\htdocs\campbell-demo\wp-content\themes\campbell\functions.php on line 307
[25-Feb-2024 10:50:03 UTC] PHP Warning:  Trying to access array offset on value of type null in C:\xampp\htdocs\campbell-demo\wp-content\themes\campbell\functions.php on line 307
[25-Feb-2024 10:50:03 UTC] PHP Warning:  Trying to access array offset on value of type null in C:\xampp\htdocs\campbell-demo\wp-content\themes\campbell\functions.php on line 307
[25-Feb-2024 10:51:00 UTC] PHP Warning:  Trying to access array offset on value of type null in C:\xampp\htdocs\campbell-demo\wp-content\themes\campbell\functions.php on line 307
[25-Feb-2024 10:51:00 UTC] PHP Warning:  Trying to access array offset on value of type null in C:\xampp\htdocs\campbell-demo\wp-content\themes\campbell\functions.php on line 307
[25-Feb-2024 10:53:23 UTC] PHP Warning:  Trying to access array offset on value of type null in C:\xampp\htdocs\campbell-demo\wp-content\themes\campbell\functions.php on line 307
[25-Feb-2024 10:53:23 UTC] PHP Warning:  Trying to access array offset on value of type null in C:\xampp\htdocs\campbell-demo\wp-content\themes\campbell\functions.php on line 307
[25-Feb-2024 10:54:46 UTC] PHP Warning:  Trying to access array offset on value of type null in C:\xampp\htdocs\campbell-demo\wp-content\themes\campbell\functions.php on line 307
[25-Feb-2024 10:54:46 UTC] PHP Warning:  Trying to access array offset on value of type null in C:\xampp\htdocs\campbell-demo\wp-content\themes\campbell\functions.php on line 307
[25-Feb-2024 10:55:51 UTC] PHP Warning:  Trying to access array offset on value of type null in C:\xampp\htdocs\campbell-demo\wp-content\themes\campbell\functions.php on line 307
[25-Feb-2024 10:55:51 UTC] PHP Warning:  Trying to access array offset on value of type null in C:\xampp\htdocs\campbell-demo\wp-content\themes\campbell\functions.php on line 307
[25-Feb-2024 11:08:09 UTC] PHP Fatal error:  Uncaught Error: Call to undefined function get_attachment_id_from_src() in C:\xampp\htdocs\campbell-demo\wp-content\themes\campbell\functions.php:337
Stack trace:
#0 C:\xampp\htdocs\campbell-demo\wp-includes\class-wp-hook.php(324): import_movies('')
#1 C:\xampp\htdocs\campbell-demo\wp-includes\class-wp-hook.php(348): WP_Hook->apply_filters('', Array)
#2 C:\xampp\htdocs\campbell-demo\wp-includes\plugin.php(517): WP_Hook->do_action(Array)
#3 C:\xampp\htdocs\campbell-demo\wp-admin\admin-ajax.php(188): do_action('wp_ajax_import_...')
#4 {main}
  thrown in C:\xampp\htdocs\campbell-demo\wp-content\themes\campbell\functions.php on line 337
[25-Feb-2024 11:09:53 UTC] PHP Warning:  Trying to access array offset on value of type null in C:\xampp\htdocs\campbell-demo\wp-content\themes\campbell\functions.php on line 307
[25-Feb-2024 11:09:53 UTC] PHP Warning:  Trying to access array offset on value of type null in C:\xampp\htdocs\campbell-demo\wp-content\themes\campbell\functions.php on line 307
[25-Feb-2024 11:11:16 UTC] PHP Fatal error:  Uncaught Error: Undefined constant "id" in C:\xampp\htdocs\campbell-demo\wp-content\themes\campbell\functions.php:336
Stack trace:
#0 C:\xampp\htdocs\campbell-demo\wp-includes\class-wp-hook.php(324): import_movies('')
#1 C:\xampp\htdocs\campbell-demo\wp-includes\class-wp-hook.php(348): WP_Hook->apply_filters('', Array)
#2 C:\xampp\htdocs\campbell-demo\wp-includes\plugin.php(517): WP_Hook->do_action(Array)
#3 C:\xampp\htdocs\campbell-demo\wp-admin\admin-ajax.php(188): do_action('wp_ajax_import_...')
#4 {main}
  thrown in C:\xampp\htdocs\campbell-demo\wp-content\themes\campbell\functions.php on line 336
[25-Feb-2024 11:12:12 UTC] PHP Warning:  Trying to access array offset on value of type null in C:\xampp\htdocs\campbell-demo\wp-content\themes\campbell\functions.php on line 307
[25-Feb-2024 11:12:12 UTC] PHP Warning:  Trying to access array offset on value of type null in C:\xampp\htdocs\campbell-demo\wp-content\themes\campbell\functions.php on line 307
[25-Feb-2024 11:12:36 UTC] PHP Warning:  Trying to access array offset on value of type null in C:\xampp\htdocs\campbell-demo\wp-content\themes\campbell\functions.php on line 307
[25-Feb-2024 11:12:36 UTC] PHP Warning:  Trying to access array offset on value of type null in C:\xampp\htdocs\campbell-demo\wp-content\themes\campbell\functions.php on line 307
[25-Feb-2024 11:58:40 UTC] PHP Fatal error:  Uncaught Error: Call to undefined function twenty_twenty_one_get_icon_svg() in C:\xampp\htdocs\campbell-demo\wp-content\themes\campbell\single.php:36
Stack trace:
#0 C:\xampp\htdocs\campbell-demo\wp-includes\template-loader.php(106): include()
#1 C:\xampp\htdocs\campbell-demo\wp-blog-header.php(19): require_once('C:\\xampp\\htdocs...')
#2 C:\xampp\htdocs\campbell-demo\index.php(17): require('C:\\xampp\\htdocs...')
#3 {main}
  thrown in C:\xampp\htdocs\campbell-demo\wp-content\themes\campbell\single.php on line 36
[25-Feb-2024 11:59:15 UTC] PHP Fatal error:  Uncaught Error: Call to undefined function twenty_twenty_one_get_icon_svg() in C:\xampp\htdocs\campbell-demo\wp-content\themes\campbell\single.php:36
Stack trace:
#0 C:\xampp\htdocs\campbell-demo\wp-includes\template-loader.php(106): include()
#1 C:\xampp\htdocs\campbell-demo\wp-blog-header.php(19): require_once('C:\\xampp\\htdocs...')
#2 C:\xampp\htdocs\campbell-demo\index.php(17): require('C:\\xampp\\htdocs...')
#3 {main}
  thrown in C:\xampp\htdocs\campbell-demo\wp-content\themes\campbell\single.php on line 36
[25-Feb-2024 12:31:37 UTC] PHP Fatal error:  Uncaught Error: Call to undefined function twenty_twenty_one_the_posts_navigation() in C:\xampp\htdocs\campbell-demo\wp-content\themes\campbell\archive.php:31
Stack trace:
#0 C:\xampp\htdocs\campbell-demo\wp-includes\template-loader.php(106): include()
#1 C:\xampp\htdocs\campbell-demo\wp-blog-header.php(19): require_once('C:\\xampp\\htdocs...')
#2 C:\xampp\htdocs\campbell-demo\index.php(17): require('C:\\xampp\\htdocs...')
#3 {main}
  thrown in C:\xampp\htdocs\campbell-demo\wp-content\themes\campbell\archive.php on line 31
[25-Feb-2024 12:34:13 UTC] PHP Fatal error:  Uncaught Error: Call to undefined function twenty_twenty_one_the_posts_navigation() in C:\xampp\htdocs\campbell-demo\wp-content\themes\campbell\archive.php:31
Stack trace:
#0 C:\xampp\htdocs\campbell-demo\wp-includes\template-loader.php(106): include()
#1 C:\xampp\htdocs\campbell-demo\wp-blog-header.php(19): require_once('C:\\xampp\\htdocs...')
#2 C:\xampp\htdocs\campbell-demo\index.php(17): require('C:\\xampp\\htdocs...')
#3 {main}
  thrown in C:\xampp\htdocs\campbell-demo\wp-content\themes\campbell\archive.php on line 31
[25-Feb-2024 12:34:13 UTC] PHP Fatal error:  Uncaught Error: Call to undefined function twenty_twenty_one_the_posts_navigation() in C:\xampp\htdocs\campbell-demo\wp-content\themes\campbell\archive.php:31
Stack trace:
#0 C:\xampp\htdocs\campbell-demo\wp-includes\template-loader.php(106): include()
#1 C:\xampp\htdocs\campbell-demo\wp-blog-header.php(19): require_once('C:\\xampp\\htdocs...')
#2 C:\xampp\htdocs\campbell-demo\index.php(17): require('C:\\xampp\\htdocs...')
#3 {main}
  thrown in C:\xampp\htdocs\campbell-demo\wp-content\themes\campbell\archive.php on line 31
[25-Feb-2024 12:35:12 UTC] PHP Fatal error:  Uncaught Error: Call to undefined function twenty_twenty_one_the_posts_navigation() in C:\xampp\htdocs\campbell-demo\wp-content\themes\campbell\archive.php:31
Stack trace:
#0 C:\xampp\htdocs\campbell-demo\wp-includes\template-loader.php(106): include()
#1 C:\xampp\htdocs\campbell-demo\wp-blog-header.php(19): require_once('C:\\xampp\\htdocs...')
#2 C:\xampp\htdocs\campbell-demo\index.php(17): require('C:\\xampp\\htdocs...')
#3 {main}
  thrown in C:\xampp\htdocs\campbell-demo\wp-content\themes\campbell\archive.php on line 31
[25-Feb-2024 12:35:15 UTC] PHP Fatal error:  Uncaught Error: Call to undefined function twenty_twenty_one_the_posts_navigation() in C:\xampp\htdocs\campbell-demo\wp-content\themes\campbell\archive.php:31
Stack trace:
#0 C:\xampp\htdocs\campbell-demo\wp-includes\template-loader.php(106): include()
#1 C:\xampp\htdocs\campbell-demo\wp-blog-header.php(19): require_once('C:\\xampp\\htdocs...')
#2 C:\xampp\htdocs\campbell-demo\index.php(17): require('C:\\xampp\\htdocs...')
#3 {main}
  thrown in C:\xampp\htdocs\campbell-demo\wp-content\themes\campbell\archive.php on line 31
[25-Feb-2024 12:44:15 UTC] PHP Fatal error:  Uncaught Error: Call to undefined function twenty_twenty_one_the_posts_navigation() in C:\xampp\htdocs\campbell-demo\wp-content\themes\campbell\archive.php:31
Stack trace:
#0 C:\xampp\htdocs\campbell-demo\wp-includes\template-loader.php(106): include()
#1 C:\xampp\htdocs\campbell-demo\wp-blog-header.php(19): require_once('C:\\xampp\\htdocs...')
#2 C:\xampp\htdocs\campbell-demo\index.php(17): require('C:\\xampp\\htdocs...')
#3 {main}
  thrown in C:\xampp\htdocs\campbell-demo\wp-content\themes\campbell\archive.php on line 31
[25-Feb-2024 12:44:44 UTC] PHP Fatal error:  Uncaught Error: Call to undefined function twenty_twenty_one_the_posts_navigation() in C:\xampp\htdocs\campbell-demo\wp-content\themes\campbell\archive.php:31
Stack trace:
#0 C:\xampp\htdocs\campbell-demo\wp-includes\template-loader.php(106): include()
#1 C:\xampp\htdocs\campbell-demo\wp-blog-header.php(19): require_once('C:\\xampp\\htdocs...')
#2 C:\xampp\htdocs\campbell-demo\index.php(17): require('C:\\xampp\\htdocs...')
#3 {main}
  thrown in C:\xampp\htdocs\campbell-demo\wp-content\themes\campbell\archive.php on line 31
[25-Feb-2024 12:50:15 UTC] PHP Parse error:  syntax error, unexpected token "endwhile", expecting "elseif" or "else" or "endif" in C:\xampp\htdocs\campbell-demo\wp-content\themes\campbell\movie-template.php on line 44
[26-Feb-2024 07:53:34 UTC] PHP Warning:  Trying to access array offset on value of type null in C:\xampp\htdocs\campbell-demo\wp-content\themes\campbell\functions.php on line 307
[26-Feb-2024 07:53:34 UTC] PHP Warning:  Trying to access array offset on value of type null in C:\xampp\htdocs\campbell-demo\wp-content\themes\campbell\functions.php on line 307
[26-Feb-2024 12:13:58 UTC] PHP Warning:  Undefined variable $active in C:\xampp\htdocs\campbell-demo\wp-content\themes\campbell-child\functions.php on line 34
[26-Feb-2024 12:13:58 UTC] PHP Warning:  Undefined variable $html in C:\xampp\htdocs\campbell-demo\wp-content\themes\campbell-child\functions.php on line 34
[26-Feb-2024 12:13:58 UTC] PHP Warning:  Undefined variable $active in C:\xampp\htdocs\campbell-demo\wp-content\themes\campbell-child\functions.php on line 34
[26-Feb-2024 12:13:58 UTC] PHP Warning:  Undefined variable $active in C:\xampp\htdocs\campbell-demo\wp-content\themes\campbell-child\functions.php on line 34
[26-Feb-2024 12:13:58 UTC] PHP Warning:  Undefined variable $active in C:\xampp\htdocs\campbell-demo\wp-content\themes\campbell-child\functions.php on line 34
[26-Feb-2024 13:00:06 UTC] PHP Parse error:  syntax error, unexpected variable "$i" in C:\xampp\htdocs\campbell-demo\wp-content\themes\campbell-child\functions.php on line 36
[26-Feb-2024 13:00:50 UTC] PHP Warning:  Array to string conversion in C:\xampp\htdocs\campbell-demo\wp-content\themes\campbell-child\functions.php on line 32
[26-Feb-2024 13:03:59 UTC] PHP Warning:  Undefined variable $i in C:\xampp\htdocs\campbell-demo\wp-content\themes\campbell-child\functions.php on line 36
[26-Feb-2024 13:03:59 UTC] PHP Fatal error:  Uncaught ValueError: array_chunk(): Argument #2 ($length) must be greater than 0 in C:\xampp\htdocs\campbell-demo\wp-content\themes\campbell-child\functions.php:36
Stack trace:
#0 C:\xampp\htdocs\campbell-demo\wp-content\themes\campbell-child\functions.php(36): array_chunk(Array, NULL)
#1 C:\xampp\htdocs\campbell-demo\wp-includes\shortcodes.php(433): latest_news(Array, '', 'recent_news')
#2 [internal function]: do_shortcode_tag(Array)
#3 C:\xampp\htdocs\campbell-demo\wp-includes\shortcodes.php(273): preg_replace_callback('/\\[(\\[?)(recent...', 'do_shortcode_ta...', '[recent_news nu...')
#4 C:\xampp\htdocs\campbell-demo\wp-content\themes\campbell-child\front-page.php(98): do_shortcode('[recent_news nu...')
#5 C:\xampp\htdocs\campbell-demo\wp-includes\template-loader.php(106): include('C:\\xampp\\htdocs...')
#6 C:\xampp\htdocs\campbell-demo\wp-blog-header.php(19): require_once('C:\\xampp\\htdocs...')
#7 C:\xampp\htdocs\campbell-demo\index.php(17): require('C:\\xampp\\htdocs...')
#8 {main}
  thrown in C:\xampp\htdocs\campbell-demo\wp-content\themes\campbell-child\functions.php on line 36
[26-Feb-2024 13:35:10 UTC] PHP Warning:  Undefined variable $wpdb in C:\xampp\htdocs\campbell-demo\wp-content\themes\campbell-child\functions.php on line 84
[26-Feb-2024 13:35:10 UTC] PHP Fatal error:  Uncaught Error: Call to a member function get_results() on null in C:\xampp\htdocs\campbell-demo\wp-content\themes\campbell-child\functions.php:84
Stack trace:
#0 C:\xampp\htdocs\campbell-demo\wp-includes\shortcodes.php(433): movies_hollywood(Array, '', 'hollywood_movie...')
#1 [internal function]: do_shortcode_tag(Array)
#2 C:\xampp\htdocs\campbell-demo\wp-includes\shortcodes.php(273): preg_replace_callback('/\\[(\\[?)(hollyw...', 'do_shortcode_ta...', '[hollywood_movi...')
#3 C:\xampp\htdocs\campbell-demo\wp-content\themes\campbell-child\front-page.php(98): do_shortcode('[hollywood_movi...')
#4 C:\xampp\htdocs\campbell-demo\wp-includes\template-loader.php(106): include('C:\\xampp\\htdocs...')
#5 C:\xampp\htdocs\campbell-demo\wp-blog-header.php(19): require_once('C:\\xampp\\htdocs...')
#6 C:\xampp\htdocs\campbell-demo\index.php(17): require('C:\\xampp\\htdocs...')
#7 {main}
  thrown in C:\xampp\htdocs\campbell-demo\wp-content\themes\campbell-child\functions.php on line 84
[26-Feb-2024 13:35:27 UTC] PHP Warning:  Array to string conversion in C:\xampp\htdocs\campbell-demo\wp-includes\class-wpdb.php on line 3139
[26-Feb-2024 13:35:27 UTC] PHP Fatal error:  Uncaught TypeError: ltrim(): Argument #1 ($string) must be of type string, array given in C:\xampp\htdocs\campbell-demo\wp-includes\class-wpdb.php:3490
Stack trace:
#0 C:\xampp\htdocs\campbell-demo\wp-includes\class-wpdb.php(3490): ltrim(Array, '\r\n\t (')
#1 C:\xampp\htdocs\campbell-demo\wp-includes\class-wpdb.php(3142): wpdb->check_safe_collation(Array)
#2 C:\xampp\htdocs\campbell-demo\wp-content\themes\campbell-child\functions.php(96): wpdb->get_results(Array, 'OBJECT')
#3 C:\xampp\htdocs\campbell-demo\wp-includes\shortcodes.php(433): movies_hollywood(Array, '', 'hollywood_movie...')
#4 [internal function]: do_shortcode_tag(Array)
#5 C:\xampp\htdocs\campbell-demo\wp-includes\shortcodes.php(273): preg_replace_callback('/\\[(\\[?)(hollyw...', 'do_shortcode_ta...', '[hollywood_movi...')
#6 C:\xampp\htdocs\campbell-demo\wp-content\themes\campbell-child\front-page.php(98): do_shortcode('[hollywood_movi...')
#7 C:\xampp\htdocs\campbell-demo\wp-includes\template-loader.php(106): include('C:\\xampp\\htdocs...')
#8 C:\xampp\htdocs\campbell-demo\wp-blog-header.php(19): require_once('C:\\xampp\\htdocs...')
#9 C:\xampp\htdocs\campbell-demo\index.php(17): require('C:\\xampp\\htdocs...')
#10 {main}
  thrown in C:\xampp\htdocs\campbell-demo\wp-includes\class-wpdb.php on line 3490
[26-Feb-2024 13:37:04 UTC] PHP Warning:  Array to string conversion in C:\xampp\htdocs\campbell-demo\wp-includes\class-wpdb.php on line 3139
[26-Feb-2024 13:37:04 UTC] PHP Fatal error:  Uncaught TypeError: ltrim(): Argument #1 ($string) must be of type string, array given in C:\xampp\htdocs\campbell-demo\wp-includes\class-wpdb.php:3490
Stack trace:
#0 C:\xampp\htdocs\campbell-demo\wp-includes\class-wpdb.php(3490): ltrim(Array, '\r\n\t (')
#1 C:\xampp\htdocs\campbell-demo\wp-includes\class-wpdb.php(3142): wpdb->check_safe_collation(Array)
#2 C:\xampp\htdocs\campbell-demo\wp-content\themes\campbell-child\functions.php(95): wpdb->get_results(Array, 'OBJECT')
#3 C:\xampp\htdocs\campbell-demo\wp-includes\shortcodes.php(433): movies_hollywood(Array, '', 'hollywood_movie...')
#4 [internal function]: do_shortcode_tag(Array)
#5 C:\xampp\htdocs\campbell-demo\wp-includes\shortcodes.php(273): preg_replace_callback('/\\[(\\[?)(hollyw...', 'do_shortcode_ta...', '[hollywood_movi...')
#6 C:\xampp\htdocs\campbell-demo\wp-content\themes\campbell-child\front-page.php(98): do_shortcode('[hollywood_movi...')
#7 C:\xampp\htdocs\campbell-demo\wp-includes\template-loader.php(106): include('C:\\xampp\\htdocs...')
#8 C:\xampp\htdocs\campbell-demo\wp-blog-header.php(19): require_once('C:\\xampp\\htdocs...')
#9 C:\xampp\htdocs\campbell-demo\index.php(17): require('C:\\xampp\\htdocs...')
#10 {main}
  thrown in C:\xampp\htdocs\campbell-demo\wp-includes\class-wpdb.php on line 3490
[26-Feb-2024 13:37:31 UTC] PHP Warning:  Array to string conversion in C:\xampp\htdocs\campbell-demo\wp-includes\class-wpdb.php on line 3139
[26-Feb-2024 13:37:31 UTC] PHP Fatal error:  Uncaught TypeError: ltrim(): Argument #1 ($string) must be of type string, array given in C:\xampp\htdocs\campbell-demo\wp-includes\class-wpdb.php:3490
Stack trace:
#0 C:\xampp\htdocs\campbell-demo\wp-includes\class-wpdb.php(3490): ltrim(Array, '\r\n\t (')
#1 C:\xampp\htdocs\campbell-demo\wp-includes\class-wpdb.php(3142): wpdb->check_safe_collation(Array)
#2 C:\xampp\htdocs\campbell-demo\wp-content\themes\campbell-child\functions.php(94): wpdb->get_results(Array, 'OBJECT')
#3 C:\xampp\htdocs\campbell-demo\wp-includes\shortcodes.php(433): movies_hollywood(Array, '', 'hollywood_movie...')
#4 [internal function]: do_shortcode_tag(Array)
#5 C:\xampp\htdocs\campbell-demo\wp-includes\shortcodes.php(273): preg_replace_callback('/\\[(\\[?)(hollyw...', 'do_shortcode_ta...', '[hollywood_movi...')
#6 C:\xampp\htdocs\campbell-demo\wp-content\themes\campbell-child\front-page.php(98): do_shortcode('[hollywood_movi...')
#7 C:\xampp\htdocs\campbell-demo\wp-includes\template-loader.php(106): include('C:\\xampp\\htdocs...')
#8 C:\xampp\htdocs\campbell-demo\wp-blog-header.php(19): require_once('C:\\xampp\\htdocs...')
#9 C:\xampp\htdocs\campbell-demo\index.php(17): require('C:\\xampp\\htdocs...')
#10 {main}
  thrown in C:\xampp\htdocs\campbell-demo\wp-includes\class-wpdb.php on line 3490
[26-Feb-2024 13:37:58 UTC] PHP Warning:  Array to string conversion in C:\xampp\htdocs\campbell-demo\wp-includes\class-wpdb.php on line 3139
[26-Feb-2024 13:37:58 UTC] PHP Fatal error:  Uncaught TypeError: ltrim(): Argument #1 ($string) must be of type string, array given in C:\xampp\htdocs\campbell-demo\wp-includes\class-wpdb.php:3490
Stack trace:
#0 C:\xampp\htdocs\campbell-demo\wp-includes\class-wpdb.php(3490): ltrim(Array, '\r\n\t (')
#1 C:\xampp\htdocs\campbell-demo\wp-includes\class-wpdb.php(3142): wpdb->check_safe_collation(Array)
#2 C:\xampp\htdocs\campbell-demo\wp-content\themes\campbell-child\functions.php(94): wpdb->get_results(Array, 'OBJECT')
#3 C:\xampp\htdocs\campbell-demo\wp-includes\shortcodes.php(433): movies_hollywood(Array, '', 'hollywood_movie...')
#4 [internal function]: do_shortcode_tag(Array)
#5 C:\xampp\htdocs\campbell-demo\wp-includes\shortcodes.php(273): preg_replace_callback('/\\[(\\[?)(hollyw...', 'do_shortcode_ta...', '[hollywood_movi...')
#6 C:\xampp\htdocs\campbell-demo\wp-content\themes\campbell-child\front-page.php(98): do_shortcode('[hollywood_movi...')
#7 C:\xampp\htdocs\campbell-demo\wp-includes\template-loader.php(106): include('C:\\xampp\\htdocs...')
#8 C:\xampp\htdocs\campbell-demo\wp-blog-header.php(19): require_once('C:\\xampp\\htdocs...')
#9 C:\xampp\htdocs\campbell-demo\index.php(17): require('C:\\xampp\\htdocs...')
#10 {main}
  thrown in C:\xampp\htdocs\campbell-demo\wp-includes\class-wpdb.php on line 3490
[26-Feb-2024 13:38:46 UTC] PHP Warning:  Undefined variable $myposts in C:\xampp\htdocs\campbell-demo\wp-content\themes\campbell-child\functions.php on line 101
[26-Feb-2024 13:39:22 UTC] PHP Warning:  Undefined variable $myposts in C:\xampp\htdocs\campbell-demo\wp-content\themes\campbell-child\functions.php on line 100
[26-Feb-2024 13:41:33 UTC] PHP Warning:  Undefined variable $myposts in C:\xampp\htdocs\campbell-demo\wp-content\themes\campbell-child\functions.php on line 108
[26-Feb-2024 13:42:23 UTC] PHP Warning:  Undefined variable $myposts in C:\xampp\htdocs\campbell-demo\wp-content\themes\campbell-child\functions.php on line 100
[26-Feb-2024 13:43:39 UTC] PHP Warning:  Undefined variable $myposts in C:\xampp\htdocs\campbell-demo\wp-content\themes\campbell-child\functions.php on line 100
[26-Feb-2024 13:44:12 UTC] PHP Warning:  Undefined variable $myposts in C:\xampp\htdocs\campbell-demo\wp-content\themes\campbell-child\functions.php on line 101
[26-Feb-2024 13:44:44 UTC] PHP Warning:  Undefined variable $i in C:\xampp\htdocs\campbell-demo\wp-content\themes\campbell-child\functions.php on line 104
[26-Feb-2024 13:44:44 UTC] PHP Fatal error:  Uncaught ValueError: array_chunk(): Argument #2 ($length) must be greater than 0 in C:\xampp\htdocs\campbell-demo\wp-content\themes\campbell-child\functions.php:104
Stack trace:
#0 C:\xampp\htdocs\campbell-demo\wp-content\themes\campbell-child\functions.php(104): array_chunk(Array, NULL)
#1 C:\xampp\htdocs\campbell-demo\wp-includes\shortcodes.php(433): movies_hollywood(Array, '', 'hollywood_movie...')
#2 [internal function]: do_shortcode_tag(Array)
#3 C:\xampp\htdocs\campbell-demo\wp-includes\shortcodes.php(273): preg_replace_callback('/\\[(\\[?)(hollyw...', 'do_shortcode_ta...', '[hollywood_movi...')
#4 C:\xampp\htdocs\campbell-demo\wp-content\themes\campbell-child\front-page.php(98): do_shortcode('[hollywood_movi...')
#5 C:\xampp\htdocs\campbell-demo\wp-includes\template-loader.php(106): include('C:\\xampp\\htdocs...')
#6 C:\xampp\htdocs\campbell-demo\wp-blog-header.php(19): require_once('C:\\xampp\\htdocs...')
#7 C:\xampp\htdocs\campbell-demo\index.php(17): require('C:\\xampp\\htdocs...')
#8 {main}
  thrown in C:\xampp\htdocs\campbell-demo\wp-content\themes\campbell-child\functions.php on line 104
